<?xml version="1.0" encoding="UTF-8"?>
<!-- Generated by org.testng.reporters.JUnitXMLReporter -->
<testsuite ignored="1" hostname="DESKTOP-HIHO925" failures="1" tests="8" name="Test" time="0.057" errors="0" timestamp="11 Oct 2024 09:20:10 GMT">
  <testcase classname="org.samp.A" name="test1" time="0.01"/>
  <testcase classname="org.samp.A" name="test2" time="0.001"/>
  <testcase classname="org.samp.B" name="test4" time="0.001"/>
  <testcase classname="org.samp.B" name="test5" time="0.009">
    <failure type="java.lang.AssertionError" message="expected [true] but found [false]">
      <![CDATA[java.lang.AssertionError: expected [true] but found [false]
at org.samp.B.test5(B.java:14)
... Removed 27 stack frames]]>
    </failure>
  </testcase> <!-- test5 -->
  <testcase classname="org.samp.B" name="test6" time="0.001"/>
  <testcase classname="org.samp.C" name="test7" time="0.001"/>
  <testcase classname="org.samp.C" name="test8" time="0.001"/>
  <testcase classname="org.samp.C" name="test9" time="0.001"/>
  <testcase classname="org.samp.A" name="test3" time="0.0">
    <ignored/>
  </testcase> <!-- test3 -->
</testsuite> <!-- Test -->
