<?xml version="1.0" encoding="UTF-8"?>
<testng-results ignored="0" total="1" passed="1" failed="0" skipped="0">
  <reporter-output>
  </reporter-output>
  <suite started-at="2024-10-11T09:25:02Z" name="Default suite" finished-at="2024-10-11T09:25:14Z" duration-ms="12123">
    <groups>
    </groups>
    <test started-at="2024-10-11T09:25:02Z" name="Default test" finished-at="2024-10-11T09:25:14Z" duration-ms="12123">
      <class name="org.project.Main">
        <test-method is-config="true" signature="beforeClass()[pri:0, instance:org.project.Main@4c1f22f3]" started-at="2024-10-11T09:25:02Z" name="beforeClass" finished-at="2024-10-11T09:25:04Z" duration-ms="2001" status="PASS">
          <reporter-output>
          </reporter-output>
        </test-method> <!-- beforeClass -->
        <test-method is-config="true" signature="beforeMethod()[pri:0, instance:org.project.Main@4c1f22f3]" started-at="2024-10-11T09:25:04Z" name="beforeMethod" finished-at="2024-10-11T09:25:04Z" duration-ms="8" status="PASS">
          <reporter-output>
          </reporter-output>
        </test-method> <!-- beforeMethod -->
        <test-method signature="test()[pri:0, instance:org.project.Main@4c1f22f3]" started-at="2024-10-11T09:25:04Z" name="test" finished-at="2024-10-11T09:25:14Z" duration-ms="9875" status="PASS">
          <reporter-output>
          </reporter-output>
        </test-method> <!-- test -->
        <test-method is-config="true" signature="afterMethod()[pri:0, instance:org.project.Main@4c1f22f3]" started-at="2024-10-11T09:25:14Z" name="afterMethod" finished-at="2024-10-11T09:25:14Z" duration-ms="0" status="PASS">
          <reporter-output>
          </reporter-output>
        </test-method> <!-- afterMethod -->
        <test-method is-config="true" signature="afterClass()[pri:0, instance:org.project.Main@4c1f22f3]" started-at="2024-10-11T09:25:14Z" name="afterClass" finished-at="2024-10-11T09:25:14Z" duration-ms="206" status="PASS">
          <reporter-output>
          </reporter-output>
        </test-method> <!-- afterClass -->
      </class> <!-- org.project.Main -->
    </test> <!-- Default test -->
  </suite> <!-- Default suite -->
</testng-results>
